c:\users\55379\sasha23\x64\debug\vc143.pdb
c:\users\55379\sasha23\x64\debug\vc143.idb
c:\users\55379\sasha23\x64\debug\mysql_connect.obj
c:\users\55379\sasha23\x64\debug\glad.obj
c:\users\55379\sasha23\x64\debug\sasha23.lib
c:\users\55379\sasha23\x64\debug\sasha23.exp
c:\users\55379\sasha23\x64\debug\sasha23.pdb
c:\users\55379\sasha23\x64\debug\sasha23.tlog\cl.command.1.tlog
c:\users\55379\sasha23\x64\debug\sasha23.tlog\cl.read.1.tlog
c:\users\55379\sasha23\x64\debug\sasha23.tlog\cl.write.1.tlog
c:\users\55379\sasha23\x64\debug\sasha23.tlog\link.8308-cvtres.read.1.tlog
c:\users\55379\sasha23\x64\debug\sasha23.tlog\link.8308-cvtres.write.1.tlog
c:\users\55379\sasha23\x64\debug\sasha23.tlog\link.8308-rc.read.1.tlog
c:\users\55379\sasha23\x64\debug\sasha23.tlog\link.8308-rc.write.1.tlog
c:\users\55379\sasha23\x64\debug\sasha23.tlog\link.8308.read.1.tlog
c:\users\55379\sasha23\x64\debug\sasha23.tlog\link.8308.read.2.tlog
c:\users\55379\sasha23\x64\debug\sasha23.tlog\link.8308.write.1.tlog
c:\users\55379\sasha23\x64\debug\sasha23.tlog\link.command.1.tlog
c:\users\55379\sasha23\x64\debug\sasha23.tlog\link.read.1.tlog
c:\users\55379\sasha23\x64\debug\sasha23.tlog\link.write.1.tlog
c:\users\55379\sasha23\x64\debug\sasha23.tlog\link.write.2u.tlog
